
> frontend@0.0.0 start
> ng serve --host 0.0.0.0 --port 4200

Node.js version v25.1.0 detected.
Odd numbered Node.js versions will not enter LTS status and should not be used for production. For more information, please see https://nodejs.org/en/about/previous-releases/.
[1m[33m
Warning: This is a simple server for use in testing or debugging Angular applications
locally. It hasn't been reviewed for security issues.

Binding this server to an open connection can result in compromising your application or
computer. Using a different host than the one passed to the "--host" flag might result in
websocket connection issues.
    [39m[22m
[33m>[39m Building...
[32m√[39m Building...
[1mInitial chunk files[22m[2m | [22m[1mNames[22m        [2m | [22m[1mRaw size[22m
[32mmain.js[39m            [2m | [22m[2mmain[22m         [2m | [22m [36m7.62 kB[39m[2m | [22m
[32mchunk-CZJLB7T5.js[39m  [2m | [22m[2m-[22m            [2m | [22m [36m1.08 kB[39m[2m | [22m
[32mstyles.css[39m         [2m | [22m[2mstyles[22m       [2m | [22m[36m96 bytes[39m[2m | [22m

[1m [22m                  [2m | [22m[1mInitial total[22m[2m | [22m [1m8.80 kB[22m

[1mLazy chunk files[22m   [2m | [22m[1mNames[22m        [2m | [22m[1mRaw size[22m
[32mchunk-MZK6YHST.js[39m  [2m | [22m[2mrdv[22m          [2m | [22m[36m37.34 kB[39m[2m | [22m
[32mchunk-5MODMJLE.js[39m  [2m | [22m[2mpatients[22m     [2m | [22m [36m1.81 kB[39m[2m | [22m
[32mchunk-YMYU2SYW.js[39m  [2m | [22m[2mdoctors[22m      [2m | [22m [36m1.79 kB[39m[2m | [22m

Application bundle generation complete. [3.477 seconds] - 2026-02-18T15:51:03.249Z

Watch mode enabled. Watching for file changes...
NOTE: Raw file sizes do not reflect development server per-request transformations.
[2m16:51:03[22m [36m[1m[vite][22m[39m [90m[2m(client)[22m[39m Re-optimizing dependencies because vite config has changed
  [32m➜[39m  [1mLocal[22m:   [36mhttp://localhost:[1m4200[22m/[39m
  [32m➜[39m  [1mNetwork[22m: [36mhttp://10.2.101.103:[1m4200[22m/[39m
  [32m➜[39m  [1mNetwork[22m: [36mhttp://172.23.0.1:[1m4200[22m/[39m
